mode: set
nobl9-wizard/lambda/main.go:76.28,78.2 1 1
nobl9-wizard/lambda/main.go:83.39,92.2 5 1
nobl9-wizard/lambda/main.go:95.44,96.21 1 1
nobl9-wizard/lambda/main.go:96.21,98.3 1 1
nobl9-wizard/lambda/main.go:99.2,99.10 1 1
nobl9-wizard/lambda/main.go:104.36,106.30 1 1
nobl9-wizard/lambda/main.go:106.30,108.3 1 1
nobl9-wizard/lambda/main.go:111.2,112.39 2 1
nobl9-wizard/lambda/main.go:112.39,113.34 1 1
nobl9-wizard/lambda/main.go:113.34,115.4 1 1
nobl9-wizard/lambda/main.go:118.2,118.14 1 1
nobl9-wizard/lambda/main.go:122.39,125.2 2 1
nobl9-wizard/lambda/main.go:128.45,129.16 1 1
nobl9-wizard/lambda/main.go:129.16,131.3 1 1
nobl9-wizard/lambda/main.go:133.2,133.19 1 1
nobl9-wizard/lambda/main.go:133.19,135.3 1 1
nobl9-wizard/lambda/main.go:137.2,137.20 1 1
nobl9-wizard/lambda/main.go:137.20,139.3 1 1
nobl9-wizard/lambda/main.go:142.2,143.39 2 1
nobl9-wizard/lambda/main.go:143.39,145.3 1 1
nobl9-wizard/lambda/main.go:148.2,148.66 1 1
nobl9-wizard/lambda/main.go:148.66,150.3 1 1
nobl9-wizard/lambda/main.go:152.2,152.12 1 1
nobl9-wizard/lambda/main.go:156.29,158.31 2 1
nobl9-wizard/lambda/main.go:158.31,160.3 1 1
nobl9-wizard/lambda/main.go:161.2,161.34 1 1
nobl9-wizard/lambda/main.go:165.21,166.50 1 1
nobl9-wizard/lambda/main.go:166.50,184.3 3 0
nobl9-wizard/lambda/main.go:184.8,186.3 1 1
nobl9-wizard/lambda/main.go:190.74,195.60 3 1
nobl9-wizard/lambda/main.go:195.60,197.3 1 1
nobl9-wizard/lambda/main.go:199.2,206.16 3 0
nobl9-wizard/lambda/main.go:206.16,208.3 1 0
nobl9-wizard/lambda/main.go:210.2,214.16 2 0
nobl9-wizard/lambda/main.go:214.16,216.3 1 0
nobl9-wizard/lambda/main.go:219.2,223.43 3 0
nobl9-wizard/lambda/main.go:223.43,228.17 3 0
nobl9-wizard/lambda/main.go:228.17,230.4 1 0
nobl9-wizard/lambda/main.go:231.3,231.45 1 0
nobl9-wizard/lambda/main.go:234.2,234.47 1 0
nobl9-wizard/lambda/main.go:234.47,239.17 3 0
nobl9-wizard/lambda/main.go:239.17,241.4 1 0
nobl9-wizard/lambda/main.go:242.3,242.53 1 0
nobl9-wizard/lambda/main.go:245.2,249.8 2 0
nobl9-wizard/lambda/main.go:253.124,255.33 1 1
nobl9-wizard/lambda/main.go:255.33,257.3 1 1
nobl9-wizard/lambda/main.go:259.2,267.16 3 1
nobl9-wizard/lambda/main.go:267.16,270.3 2 0
nobl9-wizard/lambda/main.go:272.2,281.8 1 1
nobl9-wizard/lambda/main.go:285.126,287.34 1 1
nobl9-wizard/lambda/main.go:287.34,289.3 1 1
nobl9-wizard/lambda/main.go:291.2,295.67 3 1
nobl9-wizard/lambda/main.go:295.67,298.3 2 1
nobl9-wizard/lambda/main.go:301.2,301.55 1 1
nobl9-wizard/lambda/main.go:301.55,304.3 2 1
nobl9-wizard/lambda/main.go:306.2,306.30 1 1
nobl9-wizard/lambda/main.go:306.30,309.3 2 1
nobl9-wizard/lambda/main.go:312.2,312.48 1 1
nobl9-wizard/lambda/main.go:312.48,313.30 1 1
nobl9-wizard/lambda/main.go:313.30,316.4 2 1
nobl9-wizard/lambda/main.go:319.3,320.50 2 1
nobl9-wizard/lambda/main.go:320.50,322.28 2 1
nobl9-wizard/lambda/main.go:322.28,323.13 1 0
nobl9-wizard/lambda/main.go:327.4,327.38 1 1
nobl9-wizard/lambda/main.go:327.38,329.39 1 1
nobl9-wizard/lambda/main.go:329.39,332.6 2 1
nobl9-wizard/lambda/main.go:333.10,335.32 1 0
nobl9-wizard/lambda/main.go:335.32,338.6 2 0
nobl9-wizard/lambda/main.go:343.2,347.16 3 1
nobl9-wizard/lambda/main.go:347.16,350.3 2 1
nobl9-wizard/lambda/main.go:353.2,362.16 6 0
nobl9-wizard/lambda/main.go:362.16,365.3 2 0
nobl9-wizard/lambda/main.go:375.2,376.23 2 0
nobl9-wizard/lambda/main.go:376.23,378.3 1 0
nobl9-wizard/lambda/main.go:380.2,396.48 5 0
nobl9-wizard/lambda/main.go:396.48,401.50 2 0
nobl9-wizard/lambda/main.go:401.50,403.28 2 0
nobl9-wizard/lambda/main.go:403.28,404.13 1 0
nobl9-wizard/lambda/main.go:408.4,409.45 2 0
nobl9-wizard/lambda/main.go:409.45,413.19 3 0
nobl9-wizard/lambda/main.go:413.19,417.14 4 0
nobl9-wizard/lambda/main.go:419.5,419.20 1 0
nobl9-wizard/lambda/main.go:419.20,423.14 4 0
nobl9-wizard/lambda/main.go:425.5,426.63 2 0
nobl9-wizard/lambda/main.go:427.10,431.5 2 0
nobl9-wizard/lambda/main.go:435.4,462.113 8 0
nobl9-wizard/lambda/main.go:468.2,468.21 1 0
nobl9-wizard/lambda/main.go:468.21,473.3 3 0
nobl9-wizard/lambda/main.go:476.2,477.27 2 0
nobl9-wizard/lambda/main.go:477.27,479.3 1 0
nobl9-wizard/lambda/main.go:481.2,483.72 2 0
nobl9-wizard/lambda/main.go:483.72,485.99 1 0
nobl9-wizard/lambda/main.go:485.99,488.4 2 0
nobl9-wizard/lambda/main.go:490.3,491.139 2 0
nobl9-wizard/lambda/main.go:494.2,498.37 3 0
nobl9-wizard/lambda/main.go:502.90,504.2 1 1
nobl9-wizard/lambda/main.go:507.116,516.16 3 1
nobl9-wizard/lambda/main.go:516.16,525.3 2 0
nobl9-wizard/lambda/main.go:528.2,528.13 1 1
nobl9-wizard/lambda/main.go:528.13,530.3 1 1
nobl9-wizard/lambda/main.go:530.8,532.3 1 1
nobl9-wizard/lambda/main.go:535.2,544.8 1 1
nobl9-wizard/lambda/main.go:548.120,556.37 3 1
nobl9-wizard/lambda/main.go:556.37,565.3 1 1
nobl9-wizard/lambda/main.go:568.2,568.22 1 1
nobl9-wizard/lambda/main.go:569.17,570.41 1 1
nobl9-wizard/lambda/main.go:571.29,572.43 1 1
nobl9-wizard/lambda/main.go:573.10,575.74 2 1
nobl9-wizard/lambda/main.go:580.13,585.16 3 1
nobl9-wizard/lambda/main.go:585.16,587.3 1 0
nobl9-wizard/lambda/main.go:590.2,593.53 3 1
nobl9-wizard/lambda/main.go:597.13,600.2 2 0
